0 info it worked if it ends with ok
1 verbose cli [ 'C:\\Program Files\\nodejs\\node.exe',
1 verbose cli   'C:\\Program Files\\nodejs\\node_modules\\npm\\bin\\npm-cli.js',
1 verbose cli   'install',
1 verbose cli   'erlpack' ]
2 info using npm@3.10.8
3 info using node@v6.9.1
4 silly loadCurrentTree Starting
5 silly install loadCurrentTree
6 silly install readLocalPackageData
7 silly fetchPackageMetaData erlpack
8 silly fetchNamedPackageData erlpack
9 silly mapToRegistry name erlpack
10 silly mapToRegistry using default registry
11 silly mapToRegistry registry https://registry.npmjs.org/
12 silly mapToRegistry data Result {
12 silly mapToRegistry   raw: 'erlpack',
12 silly mapToRegistry   scope: null,
12 silly mapToRegistry   escapedName: 'erlpack',
12 silly mapToRegistry   name: 'erlpack',
12 silly mapToRegistry   rawSpec: '',
12 silly mapToRegistry   spec: 'latest',
12 silly mapToRegistry   type: 'tag' }
13 silly mapToRegistry uri https://registry.npmjs.org/erlpack
14 verbose request uri https://registry.npmjs.org/erlpack
15 verbose request no auth needed
16 info attempt registry request try #1 at 11:57:38 AM
17 verbose request id 510669a23fc9911b
18 verbose etag "58a73ff1-21ad"
19 verbose lastModified Fri, 17 Feb 2017 18:24:49 GMT
20 http request GET https://registry.npmjs.org/erlpack
21 http 304 https://registry.npmjs.org/erlpack
22 verbose headers { date: 'Fri, 12 Jan 2018 19:57:39 GMT',
22 verbose headers   via: '1.1 varnish',
22 verbose headers   'cache-control': 'max-age=300',
22 verbose headers   etag: '"58a73ff1-21ad"',
22 verbose headers   age: '991',
22 verbose headers   connection: 'keep-alive',
22 verbose headers   'x-served-by': 'cache-bur17546-BUR',
22 verbose headers   'x-cache': 'HIT',
22 verbose headers   'x-cache-hits': '1',
22 verbose headers   'x-timer': 'S1515787060.579023,VS0,VE0',
22 verbose headers   vary: 'Accept-Encoding, Accept' }
23 silly get cb [ 304,
23 silly get   { date: 'Fri, 12 Jan 2018 19:57:39 GMT',
23 silly get     via: '1.1 varnish',
23 silly get     'cache-control': 'max-age=300',
23 silly get     etag: '"58a73ff1-21ad"',
23 silly get     age: '991',
23 silly get     connection: 'keep-alive',
23 silly get     'x-served-by': 'cache-bur17546-BUR',
23 silly get     'x-cache': 'HIT',
23 silly get     'x-cache-hits': '1',
23 silly get     'x-timer': 'S1515787060.579023,VS0,VE0',
23 silly get     vary: 'Accept-Encoding, Accept' } ]
24 verbose etag https://registry.npmjs.org/erlpack from cache
25 verbose get saving erlpack to C:\Users\Duncan Smith\AppData\Roaming\npm-cache\registry.npmjs.org\erlpack\.cache.json
26 verbose correctMkdir C:\Users\Duncan Smith\AppData\Roaming\npm-cache correctMkdir not in flight; initializing
27 silly install normalizeTree
28 silly loadCurrentTree Finishing
29 silly loadIdealTree Starting
30 silly install loadIdealTree
31 silly cloneCurrentTree Starting
32 silly install cloneCurrentTreeToIdealTree
33 silly cloneCurrentTree Finishing
34 silly loadShrinkwrap Starting
35 silly install loadShrinkwrap
36 silly loadShrinkwrap Finishing
37 silly loadAllDepsIntoIdealTree Starting
38 silly install loadAllDepsIntoIdealTree
39 silly resolveWithNewModule erlpack@0.1.2 checking installable status
40 silly cache add args [ 'erlpack', null ]
41 verbose cache add spec erlpack
42 silly cache add parsed spec Result {
42 silly cache add   raw: 'erlpack',
42 silly cache add   scope: null,
42 silly cache add   escapedName: 'erlpack',
42 silly cache add   name: 'erlpack',
42 silly cache add   rawSpec: '',
42 silly cache add   spec: 'latest',
42 silly cache add   type: 'tag' }
43 silly addNamed erlpack@latest
44 verbose addNamed "latest" is being treated as a dist-tag for erlpack
45 info addNameTag [ 'erlpack', 'latest' ]
46 silly mapToRegistry name erlpack
47 silly mapToRegistry using default registry
48 silly mapToRegistry registry https://registry.npmjs.org/
49 silly mapToRegistry data Result {
49 silly mapToRegistry   raw: 'erlpack',
49 silly mapToRegistry   scope: null,
49 silly mapToRegistry   escapedName: 'erlpack',
49 silly mapToRegistry   name: 'erlpack',
49 silly mapToRegistry   rawSpec: '',
49 silly mapToRegistry   spec: 'latest',
49 silly mapToRegistry   type: 'tag' }
50 silly mapToRegistry uri https://registry.npmjs.org/erlpack
51 verbose addNameTag registry:https://registry.npmjs.org/erlpack not in flight; fetching
52 verbose get https://registry.npmjs.org/erlpack not expired, no request
53 silly addNameTag next cb for erlpack with tag latest
54 silly addNamed erlpack@0.1.2
55 verbose addNamed "0.1.2" is a plain semver version for erlpack
56 silly cache afterAdd erlpack@0.1.2
57 verbose afterAdd C:\Users\Duncan Smith\AppData\Roaming\npm-cache\erlpack\0.1.2\package\package.json not in flight; writing
58 verbose correctMkdir C:\Users\Duncan Smith\AppData\Roaming\npm-cache correctMkdir not in flight; initializing
59 verbose afterAdd C:\Users\Duncan Smith\AppData\Roaming\npm-cache\erlpack\0.1.2\package\package.json written
60 silly loadAllDepsIntoIdealTree Finishing
61 silly loadIdealTree Finishing
62 silly currentTree RolePlayingBot
62 silly currentTree +-- ansi-regex@2.1.1
62 silly currentTree +-- aproba@1.2.0
62 silly currentTree +-- are-we-there-yet@1.1.4
62 silly currentTree +-- bindings@1.3.0
62 silly currentTree +-- bl@1.2.1
62 silly currentTree +-- bufferutil@3.0.3
62 silly currentTree +-- chownr@1.0.1
62 silly currentTree +-- code-point-at@1.1.0
62 silly currentTree +-- console-control-strings@1.1.0
62 silly currentTree +-- core-util-is@1.0.2
62 silly currentTree +-- deep-extend@0.4.2
62 silly currentTree +-- delegates@1.0.0
62 silly currentTree +-- end-of-stream@1.4.1
62 silly currentTree +-- expand-template@1.1.0
62 silly currentTree +-- gauge@2.7.4
62 silly currentTree +-- github-from-package@0.0.0
62 silly currentTree +-- has-unicode@2.0.1
62 silly currentTree +-- inherits@2.0.3
62 silly currentTree +-- ini@1.3.5
62 silly currentTree +-- is-fullwidth-code-point@1.0.0
62 silly currentTree +-- isarray@1.0.0
62 silly currentTree +-- minimist@1.2.0
62 silly currentTree +-- mkdirp@0.5.1
62 silly currentTree | `-- minimist@0.0.8
62 silly currentTree +-- nan@2.7.0
62 silly currentTree +-- node-abi@2.1.2
62 silly currentTree +-- noop-logger@0.1.1
62 silly currentTree +-- npmlog@4.1.2
62 silly currentTree +-- number-is-nan@1.0.1
62 silly currentTree +-- object-assign@4.1.1
62 silly currentTree +-- once@1.4.0
62 silly currentTree +-- os-homedir@1.0.2
62 silly currentTree +-- prebuild-install@2.3.0
62 silly currentTree +-- process-nextick-args@1.0.7
62 silly currentTree +-- pump@1.0.3
62 silly currentTree +-- rc@1.2.3
62 silly currentTree +-- readable-stream@2.3.3
62 silly currentTree +-- safe-buffer@5.1.1
62 silly currentTree +-- semver@5.4.1
62 silly currentTree +-- set-blocking@2.0.0
62 silly currentTree +-- signal-exit@3.0.2
62 silly currentTree +-- simple-get@1.4.3
62 silly currentTree +-- string_decoder@1.0.3
62 silly currentTree +-- string-width@1.0.2
62 silly currentTree +-- strip-ansi@3.0.1
62 silly currentTree +-- strip-json-comments@2.0.1
62 silly currentTree +-- tar-fs@1.16.0
62 silly currentTree +-- tar-stream@1.5.5
62 silly currentTree +-- tunnel-agent@0.6.0
62 silly currentTree +-- unzip-response@1.0.2
62 silly currentTree +-- util-deprecate@1.0.2
62 silly currentTree +-- wide-align@1.1.2
62 silly currentTree +-- wrappy@1.0.2
62 silly currentTree `-- xtend@4.0.1
63 silly idealTree RolePlayingBot
63 silly idealTree +-- ansi-regex@2.1.1
63 silly idealTree +-- aproba@1.2.0
63 silly idealTree +-- are-we-there-yet@1.1.4
63 silly idealTree +-- bindings@1.3.0
63 silly idealTree +-- bl@1.2.1
63 silly idealTree +-- bufferutil@3.0.3
63 silly idealTree +-- chownr@1.0.1
63 silly idealTree +-- code-point-at@1.1.0
63 silly idealTree +-- console-control-strings@1.1.0
63 silly idealTree +-- core-util-is@1.0.2
63 silly idealTree +-- deep-extend@0.4.2
63 silly idealTree +-- delegates@1.0.0
63 silly idealTree +-- end-of-stream@1.4.1
63 silly idealTree +-- erlpack@0.1.2
63 silly idealTree +-- expand-template@1.1.0
63 silly idealTree +-- gauge@2.7.4
63 silly idealTree +-- github-from-package@0.0.0
63 silly idealTree +-- has-unicode@2.0.1
63 silly idealTree +-- inherits@2.0.3
63 silly idealTree +-- ini@1.3.5
63 silly idealTree +-- is-fullwidth-code-point@1.0.0
63 silly idealTree +-- isarray@1.0.0
63 silly idealTree +-- minimist@1.2.0
63 silly idealTree +-- mkdirp@0.5.1
63 silly idealTree | `-- minimist@0.0.8
63 silly idealTree +-- nan@2.7.0
63 silly idealTree +-- node-abi@2.1.2
63 silly idealTree +-- noop-logger@0.1.1
63 silly idealTree +-- npmlog@4.1.2
63 silly idealTree +-- number-is-nan@1.0.1
63 silly idealTree +-- object-assign@4.1.1
63 silly idealTree +-- once@1.4.0
63 silly idealTree +-- os-homedir@1.0.2
63 silly idealTree +-- prebuild-install@2.3.0
63 silly idealTree +-- process-nextick-args@1.0.7
63 silly idealTree +-- pump@1.0.3
63 silly idealTree +-- rc@1.2.3
63 silly idealTree +-- readable-stream@2.3.3
63 silly idealTree +-- safe-buffer@5.1.1
63 silly idealTree +-- semver@5.4.1
63 silly idealTree +-- set-blocking@2.0.0
63 silly idealTree +-- signal-exit@3.0.2
63 silly idealTree +-- simple-get@1.4.3
63 silly idealTree +-- string_decoder@1.0.3
63 silly idealTree +-- string-width@1.0.2
63 silly idealTree +-- strip-ansi@3.0.1
63 silly idealTree +-- strip-json-comments@2.0.1
63 silly idealTree +-- tar-fs@1.16.0
63 silly idealTree +-- tar-stream@1.5.5
63 silly idealTree +-- tunnel-agent@0.6.0
63 silly idealTree +-- unzip-response@1.0.2
63 silly idealTree +-- util-deprecate@1.0.2
63 silly idealTree +-- wide-align@1.1.2
63 silly idealTree +-- wrappy@1.0.2
63 silly idealTree `-- xtend@4.0.1
64 silly generateActionsToTake Starting
65 silly install generateActionsToTake
66 silly generateActionsToTake Finishing
67 silly diffTrees action count 1
68 silly diffTrees add erlpack@0.1.2
69 silly decomposeActions action count 8
70 silly decomposeActions fetch erlpack@0.1.2
71 silly decomposeActions extract erlpack@0.1.2
72 silly decomposeActions test erlpack@0.1.2
73 silly decomposeActions preinstall erlpack@0.1.2
74 silly decomposeActions build erlpack@0.1.2
75 silly decomposeActions install erlpack@0.1.2
76 silly decomposeActions postinstall erlpack@0.1.2
77 silly decomposeActions finalize erlpack@0.1.2
78 silly runTopLevelLifecycles Starting
79 silly executeActions Starting
80 silly install executeActions
81 silly doSerial global-install 0
82 silly doParallel fetch 1
83 verbose correctMkdir C:\Users\Duncan Smith\AppData\Roaming\npm-cache\_locks correctMkdir not in flight; initializing
84 verbose lock using C:\Users\Duncan Smith\AppData\Roaming\npm-cache\_locks\staging-f7385f57cc1243ad.lock for C:\Users\Duncan Smith\Downloads\RolePlayingBot-20180112T090633Z-001\RolePlayingBot\node_modules\.staging
85 silly doParallel extract 1
86 silly extract erlpack@0.1.2
87 verbose unbuild node_modules\.staging\erlpack-152f8538
88 silly gentlyRm C:\Users\Duncan Smith\Downloads\RolePlayingBot-20180112T090633Z-001\RolePlayingBot\node_modules\.staging\erlpack-152f8538 is being purged from base C:\Users\Duncan Smith\Downloads\RolePlayingBot-20180112T090633Z-001\RolePlayingBot
89 verbose gentlyRm don't care about contents; nuking C:\Users\Duncan Smith\Downloads\RolePlayingBot-20180112T090633Z-001\RolePlayingBot\node_modules\.staging\erlpack-152f8538
90 verbose tar unpack C:\Users\Duncan Smith\AppData\Roaming\npm-cache\erlpack\0.1.2\package.tgz
91 verbose tar unpacking to C:\Users\Duncan Smith\Downloads\RolePlayingBot-20180112T090633Z-001\RolePlayingBot\node_modules\.staging\erlpack-152f8538
92 silly gentlyRm C:\Users\Duncan Smith\Downloads\RolePlayingBot-20180112T090633Z-001\RolePlayingBot\node_modules\.staging\erlpack-152f8538 is being purged
93 verbose gentlyRm don't care about contents; nuking C:\Users\Duncan Smith\Downloads\RolePlayingBot-20180112T090633Z-001\RolePlayingBot\node_modules\.staging\erlpack-152f8538
94 silly gunzTarPerm modes [ '777', '666' ]
95 silly gunzTarPerm extractEntry package.json
96 silly gunzTarPerm modified mode [ 'package.json', 493, 511 ]
97 silly gunzTarPerm extractEntry .npmignore
98 silly gunzTarPerm modified mode [ '.npmignore', 493, 511 ]
99 silly gunzTarPerm extractEntry README.md
100 silly gunzTarPerm modified mode [ 'README.md', 493, 511 ]
101 silly gunzTarPerm extractEntry py/erlpack/__init__.py
102 silly gunzTarPerm modified mode [ 'py/erlpack/__init__.py', 493, 511 ]
103 silly gunzTarPerm extractEntry py/erlpack/_packer.cpp
104 silly gunzTarPerm modified mode [ 'py/erlpack/_packer.cpp', 493, 511 ]
105 silly gunzTarPerm extractEntry py/erlpack/_packer.pyx
106 silly gunzTarPerm modified mode [ 'py/erlpack/_packer.pyx', 493, 511 ]
107 silly gunzTarPerm extractEntry py/erlpack/_unpacker.cpp
108 silly gunzTarPerm modified mode [ 'py/erlpack/_unpacker.cpp', 493, 511 ]
109 silly gunzTarPerm extractEntry py/erlpack/_unpacker.pyx
110 silly gunzTarPerm modified mode [ 'py/erlpack/_unpacker.pyx', 493, 511 ]
111 silly gunzTarPerm extractEntry py/erlpack/constants.py
112 silly gunzTarPerm modified mode [ 'py/erlpack/constants.py', 493, 511 ]
113 silly gunzTarPerm extractEntry py/erlpack/types.py
114 silly gunzTarPerm modified mode [ 'py/erlpack/types.py', 493, 511 ]
115 silly gunzTarPerm extractEntry py/scripts/generate_generated_tests.sh
116 silly gunzTarPerm modified mode [ 'py/scripts/generate_generated_tests.sh', 493, 511 ]
117 silly gunzTarPerm extractEntry py/tests/test_generated.py
118 silly gunzTarPerm modified mode [ 'py/tests/test_generated.py', 493, 511 ]
119 silly gunzTarPerm extractEntry py/tests/integration/echo_server.py
120 silly gunzTarPerm modified mode [ 'py/tests/integration/echo_server.py', 493, 511 ]
121 silly gunzTarPerm extractEntry py/tests/integration/echo_test.exs
122 silly gunzTarPerm modified mode [ 'py/tests/integration/echo_test.exs', 493, 511 ]
123 silly gunzTarPerm extractEntry py/tests/test_dict.py
124 silly gunzTarPerm modified mode [ 'py/tests/test_dict.py', 493, 511 ]
125 silly gunzTarPerm extractEntry py/tests/test_encode_hook.py
126 silly gunzTarPerm modified mode [ 'py/tests/test_encode_hook.py', 493, 511 ]
127 silly gunzTarPerm extractEntry py/tests/test_erlpack_magic_method.py
128 silly gunzTarPerm modified mode [ 'py/tests/test_erlpack_magic_method.py', 493, 511 ]
129 silly gunzTarPerm extractEntry py/tests/test_false.py
130 silly gunzTarPerm modified mode [ 'py/tests/test_false.py', 493, 511 ]
131 silly gunzTarPerm extractEntry py/tests/test_floats.py
132 silly gunzTarPerm modified mode [ 'py/tests/test_floats.py', 493, 511 ]
133 silly gunzTarPerm extractEntry py/tests/test_atom.py
134 silly gunzTarPerm modified mode [ 'py/tests/test_atom.py', 493, 511 ]
135 silly gunzTarPerm extractEntry py/tests/test_ints.py
136 silly gunzTarPerm modified mode [ 'py/tests/test_ints.py', 493, 511 ]
137 silly gunzTarPerm extractEntry py/tests/test_list.py
138 silly gunzTarPerm modified mode [ 'py/tests/test_list.py', 493, 511 ]
139 silly gunzTarPerm extractEntry py/tests/test_nil.py
140 silly gunzTarPerm modified mode [ 'py/tests/test_nil.py', 493, 511 ]
141 silly gunzTarPerm extractEntry py/tests/test_string.py
142 silly gunzTarPerm modified mode [ 'py/tests/test_string.py', 493, 511 ]
143 silly gunzTarPerm extractEntry py/tests/test_true.py
144 silly gunzTarPerm modified mode [ 'py/tests/test_true.py', 493, 511 ]
145 silly gunzTarPerm extractEntry py/tests/test_tuple.py
146 silly gunzTarPerm modified mode [ 'py/tests/test_tuple.py', 493, 511 ]
147 silly gunzTarPerm extractEntry py/tests/test_unicode.py
148 silly gunzTarPerm modified mode [ 'py/tests/test_unicode.py', 493, 511 ]
149 silly gunzTarPerm extractEntry binding.gyp
150 silly gunzTarPerm modified mode [ 'binding.gyp', 493, 511 ]
151 silly gunzTarPerm extractEntry cpp/constants.h
152 silly gunzTarPerm modified mode [ 'cpp/constants.h', 493, 511 ]
153 silly gunzTarPerm extractEntry cpp/encoder.h
154 silly gunzTarPerm modified mode [ 'cpp/encoder.h', 493, 511 ]
155 silly gunzTarPerm extractEntry cpp/sysdep.h
156 silly gunzTarPerm modified mode [ 'cpp/sysdep.h', 493, 511 ]
157 silly gunzTarPerm extractEntry js/index.js
158 silly gunzTarPerm modified mode [ 'js/index.js', 493, 511 ]
159 silly gunzTarPerm extractEntry js/__tests__/decoder-test.js
160 silly gunzTarPerm modified mode [ 'js/__tests__/decoder-test.js', 493, 511 ]
161 silly gunzTarPerm extractEntry js/__tests__/encoder-test.js
162 silly gunzTarPerm modified mode [ 'js/__tests__/encoder-test.js', 493, 511 ]
163 silly gunzTarPerm extractEntry js/decoder.h
164 silly gunzTarPerm modified mode [ 'js/decoder.h', 493, 511 ]
165 silly gunzTarPerm extractEntry js/encoder.h
166 silly gunzTarPerm modified mode [ 'js/encoder.h', 493, 511 ]
167 silly gunzTarPerm extractEntry js/erlpack.cc
168 silly gunzTarPerm modified mode [ 'js/erlpack.cc', 493, 511 ]
169 silly gunzTarPerm extractEntry COPYING
170 silly gunzTarPerm modified mode [ 'COPYING', 493, 511 ]
171 silly gunzTarPerm extractEntry MANIFEST.in
172 silly gunzTarPerm modified mode [ 'MANIFEST.in', 493, 511 ]
173 silly gunzTarPerm extractEntry pytest.ini
174 silly gunzTarPerm modified mode [ 'pytest.ini', 493, 511 ]
175 silly gunzTarPerm extractEntry setup.cfg
176 silly gunzTarPerm modified mode [ 'setup.cfg', 493, 511 ]
177 silly gunzTarPerm extractEntry setup.py
178 silly gunzTarPerm modified mode [ 'setup.py', 493, 511 ]
179 silly gunzTarPerm extractEntry vendor/zlib/README
180 silly gunzTarPerm modified mode [ 'vendor/zlib/README', 493, 511 ]
181 silly gunzTarPerm extractEntry vendor/zlib/inflate.c
182 silly gunzTarPerm modified mode [ 'vendor/zlib/inflate.c', 493, 511 ]
183 silly gunzTarPerm extractEntry vendor/zlib/FAQ
184 silly gunzTarPerm modified mode [ 'vendor/zlib/FAQ', 493, 511 ]
185 silly gunzTarPerm extractEntry vendor/zlib/INDEX
186 silly gunzTarPerm modified mode [ 'vendor/zlib/INDEX', 493, 511 ]
187 silly gunzTarPerm extractEntry vendor/zlib/Makefile
188 silly gunzTarPerm modified mode [ 'vendor/zlib/Makefile', 493, 511 ]
189 silly gunzTarPerm extractEntry vendor/zlib/Makefile.in
190 silly gunzTarPerm modified mode [ 'vendor/zlib/Makefile.in', 493, 511 ]
191 silly gunzTarPerm extractEntry vendor/zlib/CMakeLists.txt
192 silly gunzTarPerm modified mode [ 'vendor/zlib/CMakeLists.txt', 493, 511 ]
193 silly gunzTarPerm extractEntry vendor/zlib/adler32.c
194 silly gunzTarPerm modified mode [ 'vendor/zlib/adler32.c', 493, 511 ]
195 silly gunzTarPerm extractEntry vendor/zlib/amiga/Makefile.pup
196 silly gunzTarPerm modified mode [ 'vendor/zlib/amiga/Makefile.pup', 493, 511 ]
197 silly gunzTarPerm extractEntry vendor/zlib/amiga/Makefile.sas
198 silly gunzTarPerm modified mode [ 'vendor/zlib/amiga/Makefile.sas', 493, 511 ]
199 silly gunzTarPerm extractEntry vendor/zlib/as400/bndsrc
200 silly gunzTarPerm modified mode [ 'vendor/zlib/as400/bndsrc', 493, 511 ]
201 silly gunzTarPerm extractEntry vendor/zlib/as400/compile.clp
202 silly gunzTarPerm modified mode [ 'vendor/zlib/as400/compile.clp', 493, 511 ]
203 silly gunzTarPerm extractEntry vendor/zlib/as400/readme.txt
204 silly gunzTarPerm modified mode [ 'vendor/zlib/as400/readme.txt', 493, 511 ]
205 silly gunzTarPerm extractEntry vendor/zlib/as400/zlib.inc
206 silly gunzTarPerm modified mode [ 'vendor/zlib/as400/zlib.inc', 493, 511 ]
207 silly gunzTarPerm extractEntry vendor/zlib/compress.c
208 silly gunzTarPerm modified mode [ 'vendor/zlib/compress.c', 493, 511 ]
209 silly gunzTarPerm extractEntry vendor/zlib/configure
210 silly gunzTarPerm modified mode [ 'vendor/zlib/configure', 493, 511 ]
211 silly gunzTarPerm extractEntry vendor/zlib/contrib/iostream/test.cpp
212 silly gunzTarPerm modified mode [ 'vendor/zlib/contrib/iostream/test.cpp', 493, 511 ]
213 silly gunzTarPerm extractEntry vendor/zlib/contrib/iostream/zfstream.cpp
214 silly gunzTarPerm modified mode [ 'vendor/zlib/contrib/iostream/zfstream.cpp', 493, 511 ]
215 silly gunzTarPerm extractEntry vendor/zlib/contrib/iostream/zfstream.h
216 silly gunzTarPerm modified mode [ 'vendor/zlib/contrib/iostream/zfstream.h', 493, 511 ]
217 silly gunzTarPerm extractEntry vendor/zlib/contrib/README.contrib
218 silly gunzTarPerm modified mode [ 'vendor/zlib/contrib/README.contrib', 493, 511 ]
219 silly gunzTarPerm extractEntry vendor/zlib/contrib/amd64/amd64-match.S
220 silly gunzTarPerm modified mode [ 'vendor/zlib/contrib/amd64/amd64-match.S', 493, 511 ]
221 silly gunzTarPerm extractEntry vendor/zlib/contrib/asm686/README.686
222 silly gunzTarPerm modified mode [ 'vendor/zlib/contrib/asm686/README.686', 493, 511 ]
223 silly gunzTarPerm extractEntry vendor/zlib/contrib/asm686/match.S
224 silly gunzTarPerm modified mode [ 'vendor/zlib/contrib/asm686/match.S', 493, 511 ]
225 silly gunzTarPerm extractEntry vendor/zlib/contrib/blast/README
226 silly gunzTarPerm modified mode [ 'vendor/zlib/contrib/blast/README', 493, 511 ]
227 silly gunzTarPerm extractEntry vendor/zlib/contrib/blast/Makefile
228 silly gunzTarPerm modified mode [ 'vendor/zlib/contrib/blast/Makefile', 493, 511 ]
229 silly gunzTarPerm extractEntry vendor/zlib/contrib/blast/blast.c
230 silly gunzTarPerm modified mode [ 'vendor/zlib/contrib/blast/blast.c', 493, 511 ]
231 silly gunzTarPerm extractEntry vendor/zlib/contrib/blast/blast.h
232 silly gunzTarPerm modified mode [ 'vendor/zlib/contrib/blast/blast.h', 493, 511 ]
233 silly gunzTarPerm extractEntry vendor/zlib/contrib/blast/test.pk
234 silly gunzTarPerm modified mode [ 'vendor/zlib/contrib/blast/test.pk', 493, 511 ]
235 silly gunzTarPerm extractEntry vendor/zlib/contrib/blast/test.txt
236 silly gunzTarPerm modified mode [ 'vendor/zlib/contrib/blast/test.txt', 493, 511 ]
237 silly gunzTarPerm extractEntry vendor/zlib/contrib/delphi/ZLib.pas
238 silly gunzTarPerm modified mode [ 'vendor/zlib/contrib/delphi/ZLib.pas', 493, 511 ]
239 silly gunzTarPerm extractEntry vendor/zlib/contrib/delphi/ZLibConst.pas
240 silly gunzTarPerm modified mode [ 'vendor/zlib/contrib/delphi/ZLibConst.pas', 493, 511 ]
241 silly gunzTarPerm extractEntry vendor/zlib/contrib/delphi/readme.txt
242 silly gunzTarPerm modified mode [ 'vendor/zlib/contrib/delphi/readme.txt', 493, 511 ]
243 silly gunzTarPerm extractEntry vendor/zlib/contrib/delphi/zlibd32.mak
244 silly gunzTarPerm modified mode [ 'vendor/zlib/contrib/delphi/zlibd32.mak', 493, 511 ]
245 silly gunzTarPerm extractEntry vendor/zlib/contrib/dotzlib/DotZLib/AssemblyInfo.cs
246 silly gunzTarPerm modified mode [ 'vendor/zlib/contrib/dotzlib/DotZLib/AssemblyInfo.cs',
246 silly gunzTarPerm   493,
246 silly gunzTarPerm   511 ]
247 silly gunzTarPerm extractEntry vendor/zlib/contrib/dotzlib/DotZLib/ChecksumImpl.cs
248 silly gunzTarPerm modified mode [ 'vendor/zlib/contrib/dotzlib/DotZLib/ChecksumImpl.cs',
248 silly gunzTarPerm   493,
248 silly gunzTarPerm   511 ]
249 silly gunzTarPerm extractEntry vendor/zlib/contrib/dotzlib/DotZLib/CircularBuffer.cs
250 silly gunzTarPerm modified mode [ 'vendor/zlib/contrib/dotzlib/DotZLib/CircularBuffer.cs',
250 silly gunzTarPerm   493,
250 silly gunzTarPerm   511 ]
251 silly gunzTarPerm extractEntry vendor/zlib/contrib/dotzlib/DotZLib/CodecBase.cs
252 silly gunzTarPerm modified mode [ 'vendor/zlib/contrib/dotzlib/DotZLib/CodecBase.cs', 493, 511 ]
253 silly gunzTarPerm extractEntry vendor/zlib/contrib/dotzlib/DotZLib/Deflater.cs
254 silly gunzTarPerm modified mode [ 'vendor/zlib/contrib/dotzlib/DotZLib/Deflater.cs', 493, 511 ]
255 silly gunzTarPerm extractEntry vendor/zlib/contrib/dotzlib/DotZLib/DotZLib.cs
256 silly gunzTarPerm modified mode [ 'vendor/zlib/contrib/dotzlib/DotZLib/DotZLib.cs', 493, 511 ]
257 silly gunzTarPerm extractEntry vendor/zlib/contrib/dotzlib/DotZLib/DotZLib.csproj
258 silly gunzTarPerm modified mode [ 'vendor/zlib/contrib/dotzlib/DotZLib/DotZLib.csproj',
258 silly gunzTarPerm   493,
258 silly gunzTarPerm   511 ]
259 silly gunzTarPerm extractEntry vendor/zlib/contrib/dotzlib/DotZLib/GZipStream.cs
260 silly gunzTarPerm modified mode [ 'vendor/zlib/contrib/dotzlib/DotZLib/GZipStream.cs', 493, 511 ]
261 silly gunzTarPerm extractEntry vendor/zlib/contrib/dotzlib/DotZLib/Inflater.cs
262 silly gunzTarPerm modified mode [ 'vendor/zlib/contrib/dotzlib/DotZLib/Inflater.cs', 493, 511 ]
263 silly gunzTarPerm extractEntry vendor/zlib/contrib/dotzlib/DotZLib/UnitTests.cs
264 silly gunzTarPerm modified mode [ 'vendor/zlib/contrib/dotzlib/DotZLib/UnitTests.cs', 493, 511 ]
265 silly gunzTarPerm extractEntry vendor/zlib/contrib/dotzlib/DotZLib.build
266 silly gunzTarPerm modified mode [ 'vendor/zlib/contrib/dotzlib/DotZLib.build', 493, 511 ]
267 silly gunzTarPerm extractEntry vendor/zlib/contrib/dotzlib/DotZLib.chm
268 silly gunzTarPerm modified mode [ 'vendor/zlib/contrib/dotzlib/DotZLib.chm', 493, 511 ]
269 silly gunzTarPerm extractEntry vendor/zlib/contrib/dotzlib/DotZLib.sln
270 silly gunzTarPerm modified mode [ 'vendor/zlib/contrib/dotzlib/DotZLib.sln', 493, 511 ]
271 silly gunzTarPerm extractEntry vendor/zlib/contrib/dotzlib/LICENSE_1_0.txt
272 silly gunzTarPerm modified mode [ 'vendor/zlib/contrib/dotzlib/LICENSE_1_0.txt', 493, 511 ]
273 silly gunzTarPerm extractEntry vendor/zlib/contrib/dotzlib/readme.txt
274 silly gunzTarPerm modified mode [ 'vendor/zlib/contrib/dotzlib/readme.txt', 493, 511 ]
275 silly gunzTarPerm extractEntry vendor/zlib/contrib/gcc_gvmat64/gvmat64.S
276 silly gunzTarPerm modified mode [ 'vendor/zlib/contrib/gcc_gvmat64/gvmat64.S', 493, 511 ]
277 silly gunzTarPerm extractEntry vendor/zlib/contrib/infback9/README
278 silly gunzTarPerm modified mode [ 'vendor/zlib/contrib/infback9/README', 493, 511 ]
279 silly gunzTarPerm extractEntry vendor/zlib/contrib/infback9/infback9.c
280 silly gunzTarPerm modified mode [ 'vendor/zlib/contrib/infback9/infback9.c', 493, 511 ]
281 silly gunzTarPerm extractEntry vendor/zlib/contrib/infback9/infback9.h
282 silly gunzTarPerm modified mode [ 'vendor/zlib/contrib/infback9/infback9.h', 493, 511 ]
283 silly gunzTarPerm extractEntry vendor/zlib/contrib/infback9/inffix9.h
284 silly gunzTarPerm modified mode [ 'vendor/zlib/contrib/infback9/inffix9.h', 493, 511 ]
285 silly gunzTarPerm extractEntry vendor/zlib/contrib/infback9/inflate9.h
286 silly gunzTarPerm modified mode [ 'vendor/zlib/contrib/infback9/inflate9.h', 493, 511 ]
287 silly gunzTarPerm extractEntry vendor/zlib/contrib/infback9/inftree9.c
288 silly gunzTarPerm modified mode [ 'vendor/zlib/contrib/infback9/inftree9.c', 493, 511 ]
289 silly gunzTarPerm extractEntry vendor/zlib/contrib/infback9/inftree9.h
290 silly gunzTarPerm modified mode [ 'vendor/zlib/contrib/infback9/inftree9.h', 493, 511 ]
291 silly gunzTarPerm extractEntry vendor/zlib/contrib/inflate86/inffas86.c
292 silly gunzTarPerm modified mode [ 'vendor/zlib/contrib/inflate86/inffas86.c', 493, 511 ]
293 silly gunzTarPerm extractEntry vendor/zlib/contrib/inflate86/inffast.S
294 silly gunzTarPerm modified mode [ 'vendor/zlib/contrib/inflate86/inffast.S', 493, 511 ]
295 silly gunzTarPerm extractEntry vendor/zlib/contrib/ada/zlib-streams.ads
296 silly gunzTarPerm modified mode [ 'vendor/zlib/contrib/ada/zlib-streams.ads', 493, 511 ]
297 silly gunzTarPerm extractEntry vendor/zlib/contrib/ada/buffer_demo.adb
298 silly gunzTarPerm modified mode [ 'vendor/zlib/contrib/ada/buffer_demo.adb', 493, 511 ]
299 silly gunzTarPerm extractEntry vendor/zlib/contrib/ada/read.adb
300 silly gunzTarPerm modified mode [ 'vendor/zlib/contrib/ada/read.adb', 493, 511 ]
301 silly gunzTarPerm extractEntry vendor/zlib/contrib/ada/readme.txt
302 silly gunzTarPerm modified mode [ 'vendor/zlib/contrib/ada/readme.txt', 493, 511 ]
303 silly gunzTarPerm extractEntry vendor/zlib/contrib/ada/test.adb
304 silly gunzTarPerm modified mode [ 'vendor/zlib/contrib/ada/test.adb', 493, 511 ]
305 silly gunzTarPerm extractEntry vendor/zlib/contrib/ada/zlib-streams.adb
306 silly gunzTarPerm modified mode [ 'vendor/zlib/contrib/ada/zlib-streams.adb', 493, 511 ]
307 silly gunzTarPerm extractEntry vendor/zlib/contrib/ada/mtest.adb
308 silly gunzTarPerm modified mode [ 'vendor/zlib/contrib/ada/mtest.adb', 493, 511 ]
309 silly gunzTarPerm extractEntry vendor/zlib/contrib/ada/zlib-thin.adb
310 silly gunzTarPerm modified mode [ 'vendor/zlib/contrib/ada/zlib-thin.adb', 493, 511 ]
311 silly gunzTarPerm extractEntry vendor/zlib/contrib/ada/zlib-thin.ads
312 silly gunzTarPerm modified mode [ 'vendor/zlib/contrib/ada/zlib-thin.ads', 493, 511 ]
313 silly gunzTarPerm extractEntry vendor/zlib/contrib/ada/zlib.adb
314 silly gunzTarPerm modified mode [ 'vendor/zlib/contrib/ada/zlib.adb', 493, 511 ]
315 silly gunzTarPerm extractEntry vendor/zlib/contrib/ada/zlib.ads
316 silly gunzTarPerm modified mode [ 'vendor/zlib/contrib/ada/zlib.ads', 493, 511 ]
317 silly gunzTarPerm extractEntry vendor/zlib/contrib/ada/zlib.gpr
318 silly gunzTarPerm modified mode [ 'vendor/zlib/contrib/ada/zlib.gpr', 493, 511 ]
319 silly gunzTarPerm extractEntry vendor/zlib/contrib/iostream2/zstream.h
320 silly gunzTarPerm modified mode [ 'vendor/zlib/contrib/iostream2/zstream.h', 493, 511 ]
321 silly gunzTarPerm extractEntry vendor/zlib/contrib/iostream2/zstream_test.cpp
322 silly gunzTarPerm modified mode [ 'vendor/zlib/contrib/iostream2/zstream_test.cpp', 493, 511 ]
323 silly gunzTarPerm extractEntry vendor/zlib/contrib/iostream3/README
324 silly gunzTarPerm modified mode [ 'vendor/zlib/contrib/iostream3/README', 493, 511 ]
325 silly gunzTarPerm extractEntry vendor/zlib/contrib/iostream3/TODO
326 silly gunzTarPerm modified mode [ 'vendor/zlib/contrib/iostream3/TODO', 493, 511 ]
327 silly gunzTarPerm extractEntry vendor/zlib/contrib/iostream3/test.cc
328 silly gunzTarPerm modified mode [ 'vendor/zlib/contrib/iostream3/test.cc', 493, 511 ]
329 silly gunzTarPerm extractEntry vendor/zlib/contrib/iostream3/zfstream.cc
330 silly gunzTarPerm modified mode [ 'vendor/zlib/contrib/iostream3/zfstream.cc', 493, 511 ]
331 silly gunzTarPerm extractEntry vendor/zlib/contrib/iostream3/zfstream.h
332 silly gunzTarPerm modified mode [ 'vendor/zlib/contrib/iostream3/zfstream.h', 493, 511 ]
333 silly gunzTarPerm extractEntry vendor/zlib/contrib/masmx64/bld_ml64.bat
334 silly gunzTarPerm modified mode [ 'vendor/zlib/contrib/masmx64/bld_ml64.bat', 493, 511 ]
335 silly gunzTarPerm extractEntry vendor/zlib/contrib/masmx64/gvmat64.asm
336 silly gunzTarPerm modified mode [ 'vendor/zlib/contrib/masmx64/gvmat64.asm', 493, 511 ]
337 silly gunzTarPerm extractEntry vendor/zlib/contrib/masmx64/inffas8664.c
338 silly gunzTarPerm modified mode [ 'vendor/zlib/contrib/masmx64/inffas8664.c', 493, 511 ]
339 silly gunzTarPerm extractEntry vendor/zlib/contrib/masmx64/inffasx64.asm
340 silly gunzTarPerm modified mode [ 'vendor/zlib/contrib/masmx64/inffasx64.asm', 493, 511 ]
341 silly gunzTarPerm extractEntry vendor/zlib/contrib/masmx64/readme.txt
342 silly gunzTarPerm modified mode [ 'vendor/zlib/contrib/masmx64/readme.txt', 493, 511 ]
343 silly gunzTarPerm extractEntry vendor/zlib/contrib/masmx86/bld_ml32.bat
344 silly gunzTarPerm modified mode [ 'vendor/zlib/contrib/masmx86/bld_ml32.bat', 493, 511 ]
345 silly gunzTarPerm extractEntry vendor/zlib/contrib/masmx86/inffas32.asm
346 silly gunzTarPerm modified mode [ 'vendor/zlib/contrib/masmx86/inffas32.asm', 493, 511 ]
347 silly gunzTarPerm extractEntry vendor/zlib/contrib/masmx86/match686.asm
348 silly gunzTarPerm modified mode [ 'vendor/zlib/contrib/masmx86/match686.asm', 493, 511 ]
349 silly gunzTarPerm extractEntry vendor/zlib/contrib/masmx86/readme.txt
350 silly gunzTarPerm modified mode [ 'vendor/zlib/contrib/masmx86/readme.txt', 493, 511 ]
351 silly gunzTarPerm extractEntry vendor/zlib/contrib/minizip/miniunz.c
352 silly gunzTarPerm modified mode [ 'vendor/zlib/contrib/minizip/miniunz.c', 493, 511 ]
353 silly gunzTarPerm extractEntry vendor/zlib/contrib/minizip/Makefile
354 silly gunzTarPerm modified mode [ 'vendor/zlib/contrib/minizip/Makefile', 493, 511 ]
355 silly gunzTarPerm extractEntry vendor/zlib/contrib/minizip/MiniZip64_Changes.txt
356 silly gunzTarPerm modified mode [ 'vendor/zlib/contrib/minizip/MiniZip64_Changes.txt', 493, 511 ]
357 silly gunzTarPerm extractEntry vendor/zlib/contrib/minizip/MiniZip64_info.txt
358 silly gunzTarPerm modified mode [ 'vendor/zlib/contrib/minizip/MiniZip64_info.txt', 493, 511 ]
359 silly gunzTarPerm extractEntry vendor/zlib/contrib/minizip/configure.ac
360 silly gunzTarPerm modified mode [ 'vendor/zlib/contrib/minizip/configure.ac', 493, 511 ]
361 silly gunzTarPerm extractEntry vendor/zlib/contrib/minizip/crypt.h
362 silly gunzTarPerm modified mode [ 'vendor/zlib/contrib/minizip/crypt.h', 493, 511 ]
363 silly gunzTarPerm extractEntry vendor/zlib/contrib/minizip/ioapi.c
364 silly gunzTarPerm modified mode [ 'vendor/zlib/contrib/minizip/ioapi.c', 493, 511 ]
365 silly gunzTarPerm extractEntry vendor/zlib/contrib/minizip/ioapi.h
366 silly gunzTarPerm modified mode [ 'vendor/zlib/contrib/minizip/ioapi.h', 493, 511 ]
367 silly gunzTarPerm extractEntry vendor/zlib/contrib/minizip/iowin32.c
368 silly gunzTarPerm modified mode [ 'vendor/zlib/contrib/minizip/iowin32.c', 493, 511 ]
369 silly gunzTarPerm extractEntry vendor/zlib/contrib/minizip/iowin32.h
370 silly gunzTarPerm modified mode [ 'vendor/zlib/contrib/minizip/iowin32.h', 493, 511 ]
371 silly gunzTarPerm extractEntry vendor/zlib/contrib/minizip/make_vms.com
372 silly gunzTarPerm modified mode [ 'vendor/zlib/contrib/minizip/make_vms.com', 493, 511 ]
373 silly gunzTarPerm extractEntry vendor/zlib/contrib/minizip/Makefile.am
374 silly gunzTarPerm modified mode [ 'vendor/zlib/contrib/minizip/Makefile.am', 493, 511 ]
375 silly gunzTarPerm extractEntry vendor/zlib/contrib/minizip/miniunzip.1
376 silly gunzTarPerm modified mode [ 'vendor/zlib/contrib/minizip/miniunzip.1', 493, 511 ]
377 silly gunzTarPerm extractEntry vendor/zlib/contrib/minizip/minizip.1
378 silly gunzTarPerm modified mode [ 'vendor/zlib/contrib/minizip/minizip.1', 493, 511 ]
379 silly gunzTarPerm extractEntry vendor/zlib/contrib/minizip/minizip.c
380 silly gunzTarPerm modified mode [ 'vendor/zlib/contrib/minizip/minizip.c', 493, 511 ]
381 silly gunzTarPerm extractEntry vendor/zlib/contrib/minizip/minizip.pc.in
382 silly gunzTarPerm modified mode [ 'vendor/zlib/contrib/minizip/minizip.pc.in', 493, 511 ]
383 silly gunzTarPerm extractEntry vendor/zlib/contrib/minizip/mztools.c
384 silly gunzTarPerm modified mode [ 'vendor/zlib/contrib/minizip/mztools.c', 493, 511 ]
385 silly gunzTarPerm extractEntry vendor/zlib/contrib/minizip/mztools.h
386 silly gunzTarPerm modified mode [ 'vendor/zlib/contrib/minizip/mztools.h', 493, 511 ]
387 silly gunzTarPerm extractEntry vendor/zlib/contrib/minizip/unzip.c
388 silly gunzTarPerm modified mode [ 'vendor/zlib/contrib/minizip/unzip.c', 493, 511 ]
389 silly gunzTarPerm extractEntry vendor/zlib/contrib/minizip/unzip.h
390 silly gunzTarPerm modified mode [ 'vendor/zlib/contrib/minizip/unzip.h', 493, 511 ]
391 silly gunzTarPerm extractEntry vendor/zlib/contrib/minizip/zip.c
392 silly gunzTarPerm modified mode [ 'vendor/zlib/contrib/minizip/zip.c', 493, 511 ]
393 silly gunzTarPerm extractEntry vendor/zlib/contrib/minizip/zip.h
394 silly gunzTarPerm modified mode [ 'vendor/zlib/contrib/minizip/zip.h', 493, 511 ]
395 silly gunzTarPerm extractEntry vendor/zlib/contrib/pascal/example.pas
396 silly gunzTarPerm modified mode [ 'vendor/zlib/contrib/pascal/example.pas', 493, 511 ]
397 silly gunzTarPerm extractEntry vendor/zlib/contrib/pascal/readme.txt
398 silly gunzTarPerm modified mode [ 'vendor/zlib/contrib/pascal/readme.txt', 493, 511 ]
399 silly gunzTarPerm extractEntry vendor/zlib/contrib/pascal/zlibd32.mak
400 silly gunzTarPerm modified mode [ 'vendor/zlib/contrib/pascal/zlibd32.mak', 493, 511 ]
401 silly gunzTarPerm extractEntry vendor/zlib/contrib/pascal/zlibpas.pas
402 silly gunzTarPerm modified mode [ 'vendor/zlib/contrib/pascal/zlibpas.pas', 493, 511 ]
403 silly gunzTarPerm extractEntry vendor/zlib/contrib/puff/README
404 silly gunzTarPerm modified mode [ 'vendor/zlib/contrib/puff/README', 493, 511 ]
405 silly gunzTarPerm extractEntry vendor/zlib/contrib/puff/Makefile
406 silly gunzTarPerm modified mode [ 'vendor/zlib/contrib/puff/Makefile', 493, 511 ]
407 silly gunzTarPerm extractEntry vendor/zlib/contrib/puff/puff.c
408 silly gunzTarPerm modified mode [ 'vendor/zlib/contrib/puff/puff.c', 493, 511 ]
409 silly gunzTarPerm extractEntry vendor/zlib/contrib/puff/puff.h
410 silly gunzTarPerm modified mode [ 'vendor/zlib/contrib/puff/puff.h', 493, 511 ]
411 silly gunzTarPerm extractEntry vendor/zlib/contrib/puff/pufftest.c
412 silly gunzTarPerm modified mode [ 'vendor/zlib/contrib/puff/pufftest.c', 493, 511 ]
413 silly gunzTarPerm extractEntry vendor/zlib/contrib/puff/zeros.raw
414 silly gunzTarPerm modified mode [ 'vendor/zlib/contrib/puff/zeros.raw', 493, 511 ]
415 silly gunzTarPerm extractEntry vendor/zlib/contrib/testzlib/testzlib.c
416 silly gunzTarPerm modified mode [ 'vendor/zlib/contrib/testzlib/testzlib.c', 493, 511 ]
417 silly gunzTarPerm extractEntry vendor/zlib/contrib/testzlib/testzlib.txt
418 silly gunzTarPerm modified mode [ 'vendor/zlib/contrib/testzlib/testzlib.txt', 493, 511 ]
419 silly gunzTarPerm extractEntry vendor/zlib/contrib/untgz/Makefile
420 silly gunzTarPerm modified mode [ 'vendor/zlib/contrib/untgz/Makefile', 493, 511 ]
421 silly gunzTarPerm extractEntry vendor/zlib/contrib/untgz/Makefile.msc
422 silly gunzTarPerm modified mode [ 'vendor/zlib/contrib/untgz/Makefile.msc', 493, 511 ]
423 silly gunzTarPerm extractEntry vendor/zlib/contrib/untgz/untgz.c
424 silly gunzTarPerm modified mode [ 'vendor/zlib/contrib/untgz/untgz.c', 493, 511 ]
425 silly gunzTarPerm extractEntry vendor/zlib/contrib/vstudio/readme.txt
426 silly gunzTarPerm modified mode [ 'vendor/zlib/contrib/vstudio/readme.txt', 493, 511 ]
427 silly gunzTarPerm extractEntry vendor/zlib/contrib/vstudio/vc10/testzlibdll.vcxproj.filters
428 silly gunzTarPerm modified mode [ 'vendor/zlib/contrib/vstudio/vc10/testzlibdll.vcxproj.filters',
428 silly gunzTarPerm   493,
428 silly gunzTarPerm   511 ]
429 silly gunzTarPerm extractEntry vendor/zlib/contrib/vstudio/vc10/miniunz.vcxproj
430 silly gunzTarPerm modified mode [ 'vendor/zlib/contrib/vstudio/vc10/miniunz.vcxproj', 493, 511 ]
431 silly gunzTarPerm extractEntry vendor/zlib/contrib/vstudio/vc10/minizip.vcxproj
432 silly gunzTarPerm modified mode [ 'vendor/zlib/contrib/vstudio/vc10/minizip.vcxproj', 493, 511 ]
433 silly gunzTarPerm extractEntry vendor/zlib/contrib/vstudio/vc10/minizip.vcxproj.filters
434 silly gunzTarPerm modified mode [ 'vendor/zlib/contrib/vstudio/vc10/minizip.vcxproj.filters',
434 silly gunzTarPerm   493,
434 silly gunzTarPerm   511 ]
435 silly gunzTarPerm extractEntry vendor/zlib/contrib/vstudio/vc10/testzlib.vcxproj
436 silly gunzTarPerm modified mode [ 'vendor/zlib/contrib/vstudio/vc10/testzlib.vcxproj', 493, 511 ]
437 silly gunzTarPerm extractEntry vendor/zlib/contrib/vstudio/vc10/testzlib.vcxproj.filters
438 silly gunzTarPerm modified mode [ 'vendor/zlib/contrib/vstudio/vc10/testzlib.vcxproj.filters',
438 silly gunzTarPerm   493,
438 silly gunzTarPerm   511 ]
439 silly gunzTarPerm extractEntry vendor/zlib/contrib/vstudio/vc10/testzlibdll.vcxproj
440 silly gunzTarPerm modified mode [ 'vendor/zlib/contrib/vstudio/vc10/testzlibdll.vcxproj',
440 silly gunzTarPerm   493,
440 silly gunzTarPerm   511 ]
441 silly gunzTarPerm extractEntry vendor/zlib/contrib/vstudio/vc10/miniunz.vcxproj.filters
442 silly gunzTarPerm modified mode [ 'vendor/zlib/contrib/vstudio/vc10/miniunz.vcxproj.filters',
442 silly gunzTarPerm   493,
442 silly gunzTarPerm   511 ]
443 silly gunzTarPerm extractEntry vendor/zlib/contrib/vstudio/vc10/zlib.rc
444 silly gunzTarPerm modified mode [ 'vendor/zlib/contrib/vstudio/vc10/zlib.rc', 493, 511 ]
445 silly gunzTarPerm extractEntry vendor/zlib/contrib/vstudio/vc10/zlibstat.vcxproj
446 silly gunzTarPerm modified mode [ 'vendor/zlib/contrib/vstudio/vc10/zlibstat.vcxproj', 493, 511 ]
447 silly gunzTarPerm extractEntry vendor/zlib/contrib/vstudio/vc10/zlibstat.vcxproj.filters
448 silly gunzTarPerm modified mode [ 'vendor/zlib/contrib/vstudio/vc10/zlibstat.vcxproj.filters',
448 silly gunzTarPerm   493,
448 silly gunzTarPerm   511 ]
449 silly gunzTarPerm extractEntry vendor/zlib/contrib/vstudio/vc10/zlibvc.def
450 silly gunzTarPerm modified mode [ 'vendor/zlib/contrib/vstudio/vc10/zlibvc.def', 493, 511 ]
451 silly gunzTarPerm extractEntry vendor/zlib/contrib/vstudio/vc10/zlibvc.sln
452 silly gunzTarPerm modified mode [ 'vendor/zlib/contrib/vstudio/vc10/zlibvc.sln', 493, 511 ]
453 silly gunzTarPerm extractEntry vendor/zlib/contrib/vstudio/vc10/zlibvc.vcxproj
454 silly gunzTarPerm modified mode [ 'vendor/zlib/contrib/vstudio/vc10/zlibvc.vcxproj', 493, 511 ]
455 silly gunzTarPerm extractEntry vendor/zlib/contrib/vstudio/vc10/zlibvc.vcxproj.filters
456 silly gunzTarPerm modified mode [ 'vendor/zlib/contrib/vstudio/vc10/zlibvc.vcxproj.filters',
456 silly gunzTarPerm   493,
456 silly gunzTarPerm   511 ]
457 silly gunzTarPerm extractEntry vendor/zlib/contrib/vstudio/vc11/miniunz.vcxproj
458 silly gunzTarPerm modified mode [ 'vendor/zlib/contrib/vstudio/vc11/miniunz.vcxproj', 493, 511 ]
459 silly gunzTarPerm extractEntry vendor/zlib/contrib/vstudio/vc11/minizip.vcxproj
460 silly gunzTarPerm modified mode [ 'vendor/zlib/contrib/vstudio/vc11/minizip.vcxproj', 493, 511 ]
461 silly gunzTarPerm extractEntry vendor/zlib/contrib/vstudio/vc11/testzlib.vcxproj
462 silly gunzTarPerm modified mode [ 'vendor/zlib/contrib/vstudio/vc11/testzlib.vcxproj', 493, 511 ]
463 silly gunzTarPerm extractEntry vendor/zlib/contrib/vstudio/vc11/testzlibdll.vcxproj
464 silly gunzTarPerm modified mode [ 'vendor/zlib/contrib/vstudio/vc11/testzlibdll.vcxproj',
464 silly gunzTarPerm   493,
464 silly gunzTarPerm   511 ]
465 silly gunzTarPerm extractEntry vendor/zlib/contrib/vstudio/vc11/zlib.rc
466 silly gunzTarPerm modified mode [ 'vendor/zlib/contrib/vstudio/vc11/zlib.rc', 493, 511 ]
467 silly gunzTarPerm extractEntry vendor/zlib/contrib/vstudio/vc11/zlibstat.vcxproj
468 silly gunzTarPerm modified mode [ 'vendor/zlib/contrib/vstudio/vc11/zlibstat.vcxproj', 493, 511 ]
469 silly gunzTarPerm extractEntry vendor/zlib/contrib/vstudio/vc11/zlibvc.def
470 silly gunzTarPerm modified mode [ 'vendor/zlib/contrib/vstudio/vc11/zlibvc.def', 493, 511 ]
471 silly gunzTarPerm extractEntry vendor/zlib/contrib/vstudio/vc11/zlibvc.sln
472 silly gunzTarPerm modified mode [ 'vendor/zlib/contrib/vstudio/vc11/zlibvc.sln', 493, 511 ]
473 silly gunzTarPerm extractEntry vendor/zlib/contrib/vstudio/vc11/zlibvc.vcxproj
474 silly gunzTarPerm modified mode [ 'vendor/zlib/contrib/vstudio/vc11/zlibvc.vcxproj', 493, 511 ]
475 silly gunzTarPerm extractEntry vendor/zlib/contrib/vstudio/vc9/miniunz.vcproj
476 silly gunzTarPerm modified mode [ 'vendor/zlib/contrib/vstudio/vc9/miniunz.vcproj', 493, 511 ]
477 silly gunzTarPerm extractEntry vendor/zlib/contrib/vstudio/vc9/minizip.vcproj
478 silly gunzTarPerm modified mode [ 'vendor/zlib/contrib/vstudio/vc9/minizip.vcproj', 493, 511 ]
479 silly gunzTarPerm extractEntry vendor/zlib/contrib/vstudio/vc9/testzlib.vcproj
480 silly gunzTarPerm modified mode [ 'vendor/zlib/contrib/vstudio/vc9/testzlib.vcproj', 493, 511 ]
481 silly gunzTarPerm extractEntry vendor/zlib/contrib/vstudio/vc9/testzlibdll.vcproj
482 silly gunzTarPerm modified mode [ 'vendor/zlib/contrib/vstudio/vc9/testzlibdll.vcproj',
482 silly gunzTarPerm   493,
482 silly gunzTarPerm   511 ]
483 silly gunzTarPerm extractEntry vendor/zlib/contrib/vstudio/vc9/zlib.rc
484 silly gunzTarPerm modified mode [ 'vendor/zlib/contrib/vstudio/vc9/zlib.rc', 493, 511 ]
485 silly gunzTarPerm extractEntry vendor/zlib/contrib/vstudio/vc9/zlibstat.vcproj
486 silly gunzTarPerm modified mode [ 'vendor/zlib/contrib/vstudio/vc9/zlibstat.vcproj', 493, 511 ]
487 silly gunzTarPerm extractEntry vendor/zlib/contrib/vstudio/vc9/zlibvc.def
488 silly gunzTarPerm modified mode [ 'vendor/zlib/contrib/vstudio/vc9/zlibvc.def', 493, 511 ]
489 silly gunzTarPerm extractEntry vendor/zlib/contrib/vstudio/vc9/zlibvc.sln
490 silly gunzTarPerm modified mode [ 'vendor/zlib/contrib/vstudio/vc9/zlibvc.sln', 493, 511 ]
491 silly gunzTarPerm extractEntry vendor/zlib/contrib/vstudio/vc9/zlibvc.vcproj
492 silly gunzTarPerm modified mode [ 'vendor/zlib/contrib/vstudio/vc9/zlibvc.vcproj', 493, 511 ]
493 silly gunzTarPerm extractEntry vendor/zlib/crc32.c
494 silly gunzTarPerm modified mode [ 'vendor/zlib/crc32.c', 493, 511 ]
495 silly gunzTarPerm extractEntry vendor/zlib/crc32.h
496 silly gunzTarPerm modified mode [ 'vendor/zlib/crc32.h', 493, 511 ]
497 silly gunzTarPerm extractEntry vendor/zlib/deflate.c
498 silly gunzTarPerm modified mode [ 'vendor/zlib/deflate.c', 493, 511 ]
499 silly gunzTarPerm extractEntry vendor/zlib/deflate.h
500 silly gunzTarPerm modified mode [ 'vendor/zlib/deflate.h', 493, 511 ]
501 silly gunzTarPerm extractEntry vendor/zlib/doc/algorithm.txt
502 silly gunzTarPerm modified mode [ 'vendor/zlib/doc/algorithm.txt', 493, 511 ]
503 silly gunzTarPerm extractEntry vendor/zlib/doc/rfc1950.txt
504 silly gunzTarPerm modified mode [ 'vendor/zlib/doc/rfc1950.txt', 493, 511 ]
505 silly gunzTarPerm extractEntry vendor/zlib/doc/rfc1951.txt
506 silly gunzTarPerm modified mode [ 'vendor/zlib/doc/rfc1951.txt', 493, 511 ]
507 silly gunzTarPerm extractEntry vendor/zlib/doc/rfc1952.txt
508 silly gunzTarPerm modified mode [ 'vendor/zlib/doc/rfc1952.txt', 493, 511 ]
509 silly gunzTarPerm extractEntry vendor/zlib/doc/txtvsbin.txt
510 silly gunzTarPerm modified mode [ 'vendor/zlib/doc/txtvsbin.txt', 493, 511 ]
511 silly gunzTarPerm extractEntry vendor/zlib/examples/gzjoin.c
512 silly gunzTarPerm modified mode [ 'vendor/zlib/examples/gzjoin.c', 493, 511 ]
513 silly gunzTarPerm extractEntry vendor/zlib/examples/README.examples
514 silly gunzTarPerm modified mode [ 'vendor/zlib/examples/README.examples', 493, 511 ]
515 silly gunzTarPerm extractEntry vendor/zlib/examples/fitblk.c
516 silly gunzTarPerm modified mode [ 'vendor/zlib/examples/fitblk.c', 493, 511 ]
517 silly gunzTarPerm extractEntry vendor/zlib/examples/gun.c
518 silly gunzTarPerm modified mode [ 'vendor/zlib/examples/gun.c', 493, 511 ]
519 silly gunzTarPerm extractEntry vendor/zlib/examples/gzappend.c
520 silly gunzTarPerm modified mode [ 'vendor/zlib/examples/gzappend.c', 493, 511 ]
521 silly gunzTarPerm extractEntry vendor/zlib/examples/enough.c
522 silly gunzTarPerm modified mode [ 'vendor/zlib/examples/enough.c', 493, 511 ]
523 silly gunzTarPerm extractEntry vendor/zlib/examples/gzlog.c
524 silly gunzTarPerm modified mode [ 'vendor/zlib/examples/gzlog.c', 493, 511 ]
525 silly gunzTarPerm extractEntry vendor/zlib/examples/gzlog.h
526 silly gunzTarPerm modified mode [ 'vendor/zlib/examples/gzlog.h', 493, 511 ]
527 silly gunzTarPerm extractEntry vendor/zlib/examples/zlib_how.html
528 silly gunzTarPerm modified mode [ 'vendor/zlib/examples/zlib_how.html', 493, 511 ]
529 silly gunzTarPerm extractEntry vendor/zlib/examples/zpipe.c
530 silly gunzTarPerm modified mode [ 'vendor/zlib/examples/zpipe.c', 493, 511 ]
531 silly gunzTarPerm extractEntry vendor/zlib/examples/zran.c
532 silly gunzTarPerm modified mode [ 'vendor/zlib/examples/zran.c', 493, 511 ]
533 silly gunzTarPerm extractEntry vendor/zlib/gzclose.c
534 silly gunzTarPerm modified mode [ 'vendor/zlib/gzclose.c', 493, 511 ]
535 silly gunzTarPerm extractEntry vendor/zlib/gzguts.h
536 silly gunzTarPerm modified mode [ 'vendor/zlib/gzguts.h', 493, 511 ]
537 silly gunzTarPerm extractEntry vendor/zlib/gzlib.c
538 silly gunzTarPerm modified mode [ 'vendor/zlib/gzlib.c', 493, 511 ]
539 silly gunzTarPerm extractEntry vendor/zlib/gzread.c
540 silly gunzTarPerm modified mode [ 'vendor/zlib/gzread.c', 493, 511 ]
541 silly gunzTarPerm extractEntry vendor/zlib/gzwrite.c
542 silly gunzTarPerm modified mode [ 'vendor/zlib/gzwrite.c', 493, 511 ]
543 silly gunzTarPerm extractEntry vendor/zlib/infback.c
544 silly gunzTarPerm modified mode [ 'vendor/zlib/infback.c', 493, 511 ]
545 silly gunzTarPerm extractEntry vendor/zlib/inffast.c
546 silly gunzTarPerm modified mode [ 'vendor/zlib/inffast.c', 493, 511 ]
547 silly gunzTarPerm extractEntry vendor/zlib/inffast.h
548 silly gunzTarPerm modified mode [ 'vendor/zlib/inffast.h', 493, 511 ]
549 silly gunzTarPerm extractEntry vendor/zlib/inffixed.h
550 silly gunzTarPerm modified mode [ 'vendor/zlib/inffixed.h', 493, 511 ]
551 silly gunzTarPerm extractEntry vendor/zlib/ChangeLog
552 silly gunzTarPerm modified mode [ 'vendor/zlib/ChangeLog', 493, 511 ]
553 silly gunzTarPerm extractEntry vendor/zlib/inflate.h
554 silly gunzTarPerm modified mode [ 'vendor/zlib/inflate.h', 493, 511 ]
555 silly gunzTarPerm extractEntry vendor/zlib/inftrees.c
556 silly gunzTarPerm modified mode [ 'vendor/zlib/inftrees.c', 493, 511 ]
557 silly gunzTarPerm extractEntry vendor/zlib/inftrees.h
558 silly gunzTarPerm modified mode [ 'vendor/zlib/inftrees.h', 493, 511 ]
559 silly gunzTarPerm extractEntry vendor/zlib/make_vms.com
560 silly gunzTarPerm modified mode [ 'vendor/zlib/make_vms.com', 493, 511 ]
561 silly gunzTarPerm extractEntry vendor/zlib/msdos/Makefile.bor
562 silly gunzTarPerm modified mode [ 'vendor/zlib/msdos/Makefile.bor', 493, 511 ]
563 silly gunzTarPerm extractEntry vendor/zlib/msdos/Makefile.dj2
564 silly gunzTarPerm modified mode [ 'vendor/zlib/msdos/Makefile.dj2', 493, 511 ]
565 silly gunzTarPerm extractEntry vendor/zlib/msdos/Makefile.emx
566 silly gunzTarPerm modified mode [ 'vendor/zlib/msdos/Makefile.emx', 493, 511 ]
567 silly gunzTarPerm extractEntry vendor/zlib/msdos/Makefile.msc
568 silly gunzTarPerm modified mode [ 'vendor/zlib/msdos/Makefile.msc', 493, 511 ]
569 silly gunzTarPerm extractEntry vendor/zlib/msdos/Makefile.tc
570 silly gunzTarPerm modified mode [ 'vendor/zlib/msdos/Makefile.tc', 493, 511 ]
571 silly gunzTarPerm extractEntry vendor/zlib/nintendods/README
572 silly gunzTarPerm modified mode [ 'vendor/zlib/nintendods/README', 493, 511 ]
573 silly gunzTarPerm extractEntry vendor/zlib/nintendods/Makefile
574 silly gunzTarPerm modified mode [ 'vendor/zlib/nintendods/Makefile', 493, 511 ]
575 silly gunzTarPerm extractEntry vendor/zlib/old/README
576 silly gunzTarPerm modified mode [ 'vendor/zlib/old/README', 493, 511 ]
577 silly gunzTarPerm extractEntry vendor/zlib/old/Makefile.emx
578 silly gunzTarPerm modified mode [ 'vendor/zlib/old/Makefile.emx', 493, 511 ]
579 silly gunzTarPerm extractEntry vendor/zlib/old/Makefile.riscos
580 silly gunzTarPerm modified mode [ 'vendor/zlib/old/Makefile.riscos', 493, 511 ]
581 silly gunzTarPerm extractEntry vendor/zlib/old/descrip.mms
582 silly gunzTarPerm modified mode [ 'vendor/zlib/old/descrip.mms', 493, 511 ]
583 silly gunzTarPerm extractEntry vendor/zlib/old/os2/Makefile.os2
584 silly gunzTarPerm modified mode [ 'vendor/zlib/old/os2/Makefile.os2', 493, 511 ]
585 silly gunzTarPerm extractEntry vendor/zlib/old/os2/zlib.def
586 silly gunzTarPerm modified mode [ 'vendor/zlib/old/os2/zlib.def', 493, 511 ]
587 silly gunzTarPerm extractEntry vendor/zlib/old/visual-basic.txt
588 silly gunzTarPerm modified mode [ 'vendor/zlib/old/visual-basic.txt', 493, 511 ]
589 silly gunzTarPerm extractEntry vendor/zlib/qnx/package.qpg
590 silly gunzTarPerm modified mode [ 'vendor/zlib/qnx/package.qpg', 493, 511 ]
591 silly gunzTarPerm extractEntry vendor/zlib/test/example.c
592 silly gunzTarPerm modified mode [ 'vendor/zlib/test/example.c', 493, 511 ]
593 silly gunzTarPerm extractEntry vendor/zlib/test/infcover.c
594 silly gunzTarPerm modified mode [ 'vendor/zlib/test/infcover.c', 493, 511 ]
595 silly gunzTarPerm extractEntry vendor/zlib/test/minigzip.c
596 silly gunzTarPerm modified mode [ 'vendor/zlib/test/minigzip.c', 493, 511 ]
597 silly gunzTarPerm extractEntry vendor/zlib/treebuild.xml
598 silly gunzTarPerm modified mode [ 'vendor/zlib/treebuild.xml', 493, 511 ]
599 silly gunzTarPerm extractEntry vendor/zlib/trees.c
600 silly gunzTarPerm modified mode [ 'vendor/zlib/trees.c', 493, 511 ]
601 silly gunzTarPerm extractEntry vendor/zlib/trees.h
602 silly gunzTarPerm modified mode [ 'vendor/zlib/trees.h', 493, 511 ]
603 silly gunzTarPerm extractEntry vendor/zlib/uncompr.c
604 silly gunzTarPerm modified mode [ 'vendor/zlib/uncompr.c', 493, 511 ]
605 silly gunzTarPerm extractEntry vendor/zlib/watcom/watcom_f.mak
606 silly gunzTarPerm modified mode [ 'vendor/zlib/watcom/watcom_f.mak', 493, 511 ]
607 silly gunzTarPerm extractEntry vendor/zlib/watcom/watcom_l.mak
608 silly gunzTarPerm modified mode [ 'vendor/zlib/watcom/watcom_l.mak', 493, 511 ]
609 silly gunzTarPerm extractEntry vendor/zlib/win32/DLL_FAQ.txt
610 silly gunzTarPerm modified mode [ 'vendor/zlib/win32/DLL_FAQ.txt', 493, 511 ]
611 silly gunzTarPerm extractEntry vendor/zlib/win32/Makefile.bor
612 silly gunzTarPerm modified mode [ 'vendor/zlib/win32/Makefile.bor', 493, 511 ]
613 silly gunzTarPerm extractEntry vendor/zlib/win32/Makefile.gcc
614 silly gunzTarPerm modified mode [ 'vendor/zlib/win32/Makefile.gcc', 493, 511 ]
615 silly gunzTarPerm extractEntry vendor/zlib/win32/Makefile.msc
616 silly gunzTarPerm modified mode [ 'vendor/zlib/win32/Makefile.msc', 493, 511 ]
617 silly gunzTarPerm extractEntry vendor/zlib/win32/README-WIN32.txt
618 silly gunzTarPerm modified mode [ 'vendor/zlib/win32/README-WIN32.txt', 493, 511 ]
619 silly gunzTarPerm extractEntry vendor/zlib/win32/VisualC.txt
620 silly gunzTarPerm modified mode [ 'vendor/zlib/win32/VisualC.txt', 493, 511 ]
621 silly gunzTarPerm extractEntry vendor/zlib/win32/zlib.def
622 silly gunzTarPerm modified mode [ 'vendor/zlib/win32/zlib.def', 493, 511 ]
623 silly gunzTarPerm extractEntry vendor/zlib/win32/zlib1.rc
624 silly gunzTarPerm modified mode [ 'vendor/zlib/win32/zlib1.rc', 493, 511 ]
625 silly gunzTarPerm extractEntry vendor/zlib/zconf.h
626 silly gunzTarPerm modified mode [ 'vendor/zlib/zconf.h', 493, 511 ]
627 silly gunzTarPerm extractEntry vendor/zlib/zconf.h.cmakein
628 silly gunzTarPerm modified mode [ 'vendor/zlib/zconf.h.cmakein', 493, 511 ]
629 silly gunzTarPerm extractEntry vendor/zlib/zconf.h.in
630 silly gunzTarPerm modified mode [ 'vendor/zlib/zconf.h.in', 493, 511 ]
631 silly gunzTarPerm extractEntry vendor/zlib/zlib.3
632 silly gunzTarPerm modified mode [ 'vendor/zlib/zlib.3', 493, 511 ]
633 silly gunzTarPerm extractEntry vendor/zlib/zlib.3.pdf
634 silly gunzTarPerm modified mode [ 'vendor/zlib/zlib.3.pdf', 493, 511 ]
635 silly gunzTarPerm extractEntry vendor/zlib/zlib.h
636 silly gunzTarPerm modified mode [ 'vendor/zlib/zlib.h', 493, 511 ]
637 silly gunzTarPerm extractEntry vendor/zlib/zlib.map
638 silly gunzTarPerm modified mode [ 'vendor/zlib/zlib.map', 493, 511 ]
639 silly gunzTarPerm extractEntry vendor/zlib/zlib.pc.cmakein
640 silly gunzTarPerm modified mode [ 'vendor/zlib/zlib.pc.cmakein', 493, 511 ]
641 silly gunzTarPerm extractEntry vendor/zlib/zlib.pc.in
642 silly gunzTarPerm modified mode [ 'vendor/zlib/zlib.pc.in', 493, 511 ]
643 silly gunzTarPerm extractEntry vendor/zlib/zlib2ansi
644 silly gunzTarPerm modified mode [ 'vendor/zlib/zlib2ansi', 493, 511 ]
645 silly gunzTarPerm extractEntry vendor/zlib/zutil.c
646 silly gunzTarPerm modified mode [ 'vendor/zlib/zutil.c', 493, 511 ]
647 silly gunzTarPerm extractEntry vendor/zlib/zutil.h
648 silly gunzTarPerm modified mode [ 'vendor/zlib/zutil.h', 493, 511 ]
649 silly gunzTarPerm extractEntry vendor/zlib.gyp
650 silly gunzTarPerm modified mode [ 'vendor/zlib.gyp', 493, 511 ]
651 silly gentlyRm C:\Users\Duncan Smith\Downloads\RolePlayingBot-20180112T090633Z-001\RolePlayingBot\node_modules\.staging\erlpack-152f8538\node_modules is being purged
652 verbose gentlyRm don't care about contents; nuking C:\Users\Duncan Smith\Downloads\RolePlayingBot-20180112T090633Z-001\RolePlayingBot\node_modules\.staging\erlpack-152f8538\node_modules
653 silly doParallel preinstall 1
654 silly preinstall erlpack@0.1.2 C:\Users\Duncan Smith\Downloads\RolePlayingBot-20180112T090633Z-001\RolePlayingBot\node_modules\.staging\erlpack-152f8538
655 info lifecycle erlpack@0.1.2~preinstall: erlpack@0.1.2
656 silly lifecycle erlpack@0.1.2~preinstall: no script for preinstall, continuing
657 silly doReverseSerial remove 0
658 silly doSerial move 0
659 silly doSerial finalize 1
660 silly finalize C:\Users\Duncan Smith\Downloads\RolePlayingBot-20180112T090633Z-001\RolePlayingBot\node_modules\erlpack
661 silly doSerial build 1
662 silly build erlpack@0.1.2
663 info linkStuff erlpack@0.1.2
664 silly linkStuff erlpack@0.1.2 has C:\Users\Duncan Smith\Downloads\RolePlayingBot-20180112T090633Z-001\RolePlayingBot\node_modules as its parent node_modules
665 verbose linkBins erlpack@0.1.2
666 verbose linkMans erlpack@0.1.2
667 silly doSerial global-link 0
668 silly doParallel update-linked 0
669 silly doSerial install 1
670 silly install erlpack@0.1.2 C:\Users\Duncan Smith\Downloads\RolePlayingBot-20180112T090633Z-001\RolePlayingBot\node_modules\.staging\erlpack-152f8538
671 info lifecycle erlpack@0.1.2~install: erlpack@0.1.2
672 verbose lifecycle erlpack@0.1.2~install: unsafe-perm in lifecycle true
673 verbose lifecycle erlpack@0.1.2~install: PATH: C:\Program Files\nodejs\node_modules\npm\bin\node-gyp-bin;C:\Users\Duncan Smith\Downloads\RolePlayingBot-20180112T090633Z-001\RolePlayingBot\node_modules\erlpack\node_modules\.bin;C:\Users\Duncan Smith\Downloads\RolePlayingBot-20180112T090633Z-001\RolePlayingBot\node_modules\.bin;C:\Program Files (x86)\AMD APP\bin\x86_64;C:\Program Files (x86)\AMD APP\bin\x86;C:\Program Files (x86)\NVIDIA Corporation\PhysX\Common;C:\Program Files\Common Files\Microsoft Shared\Windows Live;C:\WINDOWS\system32;C:\WINDOWS;C:\WINDOWS\System32\Wbem;C:\WINDOWS\System32\WindowsPowerShell\v1.0\;C:\Program Files (x86)\ATI Technologies\ATI.ACE\Core-Static;C:\Program Files (x86)\AMD\ATI.ACE\Core-Static;C:\Program Files (x86)\QuickTime\QTSystem\;C:\Program Files\nodejs\;C:\Program Files (x86)\nodejs\;C:\Program Files (x86)\Skype\Phone\;C:\Program Files (x86)\GtkSharp\2.12\bin;C:\Users\Duncan Smith\AppData\Local\Programs\Python\Python36\Scripts\;C:\Users\Duncan Smith\AppData\Local\Programs\Python\Python36\;C:\Program Files\Common Files\Microsoft Shared\Windows Live;C:\Users\Duncan Smith\AppData\Local\Microsoft\WindowsApps;C:\Users\Duncan Smith\AppData\Roaming\npm;C:\Program Files (x86)\Java\jre7\bin
674 verbose lifecycle erlpack@0.1.2~install: CWD: C:\Users\Duncan Smith\Downloads\RolePlayingBot-20180112T090633Z-001\RolePlayingBot\node_modules\erlpack
675 silly lifecycle erlpack@0.1.2~install: Args: [ '/d /s /c', 'node-gyp rebuild' ]
676 silly lifecycle erlpack@0.1.2~install: Returned: code: 1  signal: null
677 info lifecycle erlpack@0.1.2~install: Failed to exec install script
678 verbose unlock done using C:\Users\Duncan Smith\AppData\Roaming\npm-cache\_locks\staging-f7385f57cc1243ad.lock for C:\Users\Duncan Smith\Downloads\RolePlayingBot-20180112T090633Z-001\RolePlayingBot\node_modules\.staging
679 silly rollbackFailedOptional Starting
680 silly rollbackFailedOptional Finishing
681 silly runTopLevelLifecycles Finishing
682 silly install printInstalled
683 warn enoent ENOENT: no such file or directory, open 'C:\Users\Duncan Smith\Downloads\RolePlayingBot-20180112T090633Z-001\RolePlayingBot\package.json'
684 verbose enoent ENOENT: no such file or directory, open 'C:\Users\Duncan Smith\Downloads\RolePlayingBot-20180112T090633Z-001\RolePlayingBot\package.json'
684 verbose enoent This is most likely not a problem with npm itself
684 verbose enoent and is related to npm not being able to find a file.
685 warn RolePlayingBot No description
686 verbose If you need help, you may report this error at:
686 verbose     <https://github.com/npm/npm/issues>
687 warn RolePlayingBot No repository field.
688 verbose If you need help, you may report this error at:
688 verbose     <https://github.com/npm/npm/issues>
689 warn RolePlayingBot No README data
690 verbose If you need help, you may report this error at:
690 verbose     <https://github.com/npm/npm/issues>
691 warn RolePlayingBot No license field.
692 verbose If you need help, you may report this error at:
692 verbose     <https://github.com/npm/npm/issues>
693 verbose stack Error: erlpack@0.1.2 install: `node-gyp rebuild`
693 verbose stack Exit status 1
693 verbose stack     at EventEmitter.<anonymous> (C:\Program Files\nodejs\node_modules\npm\lib\utils\lifecycle.js:255:16)
693 verbose stack     at emitTwo (events.js:106:13)
693 verbose stack     at EventEmitter.emit (events.js:191:7)
693 verbose stack     at ChildProcess.<anonymous> (C:\Program Files\nodejs\node_modules\npm\lib\utils\spawn.js:40:14)
693 verbose stack     at emitTwo (events.js:106:13)
693 verbose stack     at ChildProcess.emit (events.js:191:7)
693 verbose stack     at maybeClose (internal/child_process.js:877:16)
693 verbose stack     at Process.ChildProcess._handle.onexit (internal/child_process.js:226:5)
694 verbose pkgid erlpack@0.1.2
695 verbose cwd C:\Users\Duncan Smith\Downloads\RolePlayingBot-20180112T090633Z-001\RolePlayingBot
696 error Windows_NT 10.0.15063
697 error argv "C:\\Program Files\\nodejs\\node.exe" "C:\\Program Files\\nodejs\\node_modules\\npm\\bin\\npm-cli.js" "install" "erlpack"
698 error node v6.9.1
699 error npm  v3.10.8
700 error code ELIFECYCLE
701 error erlpack@0.1.2 install: `node-gyp rebuild`
701 error Exit status 1
702 error Failed at the erlpack@0.1.2 install script 'node-gyp rebuild'.
702 error Make sure you have the latest version of node.js and npm installed.
702 error If you do, this is most likely a problem with the erlpack package,
702 error not with npm itself.
702 error Tell the author that this fails on your system:
702 error     node-gyp rebuild
702 error You can get information on how to open an issue for this project with:
702 error     npm bugs erlpack
702 error Or if that isn't available, you can get their info via:
702 error     npm owner ls erlpack
702 error There is likely additional logging output above.
703 verbose exit [ 1, true ]
